# JRE version: OpenJDK Runtime Environment (8.0_242-b01) (build 1.8.0_242-release-1644-b01)
# Java VM: OpenJDK 64-Bit Server VM (25.242-b01 mixed mode windows-amd64 compressed oops)
Heap:
 PSYoungGen      total 433664K, used 201687K [0x00000000d5580000, 0x00000000f5e00000, 0x0000000100000000)
  eden space 409600K, 45% used [0x00000000d5580000,0x00000000e0a17dc8,0x00000000ee580000)
  from space 24064K, 69% used [0x00000000ee580000,0x00000000ef5ddff0,0x00000000efd00000)
  to   space 25088K, 0% used [0x00000000f4580000,0x00000000f4580000,0x00000000f5e00000)
 ParOldGen       total 240128K, used 191863K [0x0000000080000000, 0x000000008ea80000, 0x00000000d5580000)
  object space 240128K, 79% used [0x0000000080000000,0x000000008bb5dc88,0x000000008ea80000)
 Metaspace       used 102320K, capacity 106286K, committed 106368K, reserved 1142784K
  class space    used 12580K, capacity 13389K, committed 13440K, reserved 1048576K
GC Heap History (10 events):
Event: 973.168 GC heap before
{Heap before GC invocations=221 (full 4):
 PSYoungGen      total 322048K, used 308758K [0x00000000d5580000, 0x00000000eab80000, 0x0000000100000000)
  eden space 294912K, 100% used [0x00000000d5580000,0x00000000e7580000,0x00000000e7580000)
  from space 27136K, 51% used [0x00000000e9100000,0x00000000e9e85ae8,0x00000000eab80000)
  to   space 27648K, 0% used [0x00000000e7580000,0x00000000e7580000,0x00000000e9080000)
 ParOldGen       total 240128K, used 163741K [0x0000000080000000, 0x000000008ea80000, 0x00000000d5580000)
  object space 240128K, 68% used [0x0000000080000000,0x0000000089fe7500,0x000000008ea80000)
 Metaspace       used 102142K, capacity 106144K, committed 106368K, reserved 1142784K
  class space    used 12574K, capacity 13388K, committed 13440K, reserved 1048576K
Event: 973.196 GC heap after
Heap after GC invocations=221 (full 4):
 PSYoungGen      total 322560K, used 7612K [0x00000000d5580000, 0x00000000edf00000, 0x0000000100000000)
  eden space 294912K, 0% used [0x00000000d5580000,0x00000000d5580000,0x00000000e7580000)
  from space 27648K, 27% used [0x00000000e7580000,0x00000000e7cef1c8,0x00000000e9080000)
  to   space 27136K, 0% used [0x00000000ec480000,0x00000000ec480000,0x00000000edf00000)
 ParOldGen       total 240128K, used 175447K [0x0000000080000000, 0x000000008ea80000, 0x00000000d5580000)
  object space 240128K, 73% used [0x0000000080000000,0x000000008ab55e08,0x000000008ea80000)
 Metaspace       used 102142K, capacity 106144K, committed 106368K, reserved 1142784K
  class space    used 12574K, capacity 13388K, committed 13440K, reserved 1048576K
}
Event: 975.186 GC heap before
{Heap before GC invocations=222 (full 4):
 PSYoungGen      total 322560K, used 302524K [0x00000000d5580000, 0x00000000edf00000, 0x0000000100000000)
  eden space 294912K, 100% used [0x00000000d5580000,0x00000000e7580000,0x00000000e7580000)
  from space 27648K, 27% used [0x00000000e7580000,0x00000000e7cef1c8,0x00000000e9080000)
  to   space 27136K, 0% used [0x00000000ec480000,0x00000000ec480000,0x00000000edf00000)
 ParOldGen       total 240128K, used 175447K [0x0000000080000000, 0x000000008ea80000, 0x00000000d5580000)
  object space 240128K, 73% used [0x0000000080000000,0x000000008ab55e08,0x000000008ea80000)
 Metaspace       used 102197K, capacity 106216K, committed 106368K, reserved 1142784K
  class space    used 12574K, capacity 13388K, committed 13440K, reserved 1048576K
Event: 975.213 GC heap after
Heap after GC invocations=222 (full 4):
 PSYoungGen      total 371712K, used 10188K [0x00000000d5580000, 0x00000000edb80000, 0x0000000100000000)
  eden space 348160K, 0% used [0x00000000d5580000,0x00000000d5580000,0x00000000ea980000)
  from space 23552K, 43% used [0x00000000ec480000,0x00000000ece730d0,0x00000000edb80000)
  to   space 25600K, 0% used [0x00000000ea980000,0x00000000ea980000,0x00000000ec280000)
 ParOldGen       total 240128K, used 181049K [0x0000000080000000, 0x000000008ea80000, 0x00000000d5580000)
  object space 240128K, 75% used [0x0000000080000000,0x000000008b0ce680,0x000000008ea80000)
 Metaspace       used 102197K, capacity 106216K, committed 106368K, reserved 1142784K
  class space    used 12574K, capacity 13388K, committed 13440K, reserved 1048576K
}
Event: 976.345 GC heap before
{Heap before GC invocations=223 (full 4):
 PSYoungGen      total 371712K, used 358348K [0x00000000d5580000, 0x00000000edb80000, 0x0000000100000000)
  eden space 348160K, 100% used [0x00000000d5580000,0x00000000ea980000,0x00000000ea980000)
  from space 23552K, 43% used [0x00000000ec480000,0x00000000ece730d0,0x00000000edb80000)
  to   space 25600K, 0% used [0x00000000ea980000,0x00000000ea980000,0x00000000ec280000)
 ParOldGen       total 240128K, used 181049K [0x0000000080000000, 0x000000008ea80000, 0x00000000d5580000)
  object space 240128K, 75% used [0x0000000080000000,0x000000008b0ce680,0x000000008ea80000)
 Metaspace       used 102229K, capacity 106220K, committed 106368K, reserved 1142784K
  class space    used 12574K, capacity 13388K, committed 13440K, reserved 1048576K
Event: 976.364 GC heap after
Heap after GC invocations=223 (full 4):
 PSYoungGen      total 373760K, used 8120K [0x00000000d5580000, 0x00000000f1580000, 0x0000000100000000)
  eden space 348160K, 0% used [0x00000000d5580000,0x00000000d5580000,0x00000000ea980000)
  from space 25600K, 31% used [0x00000000ea980000,0x00000000eb16e268,0x00000000ec280000)
  to   space 24576K, 0% used [0x00000000efd80000,0x00000000efd80000,0x00000000f1580000)
 ParOldGen       total 240128K, used 185014K [0x0000000080000000, 0x000000008ea80000, 0x00000000d5580000)
  object space 240128K, 77% used [0x0000000080000000,0x000000008b4adab8,0x000000008ea80000)
 Metaspace       used 102229K, capacity 106220K, committed 106368K, reserved 1142784K
  class space    used 12574K, capacity 13388K, committed 13440K, reserved 1048576K
}
Event: 977.204 GC heap before
{Heap before GC invocations=224 (full 4):
 PSYoungGen      total 373760K, used 356280K [0x00000000d5580000, 0x00000000f1580000, 0x0000000100000000)
  eden space 348160K, 100% used [0x00000000d5580000,0x00000000ea980000,0x00000000ea980000)
  from space 25600K, 31% used [0x00000000ea980000,0x00000000eb16e268,0x00000000ec280000)
  to   space 24576K, 0% used [0x00000000efd80000,0x00000000efd80000,0x00000000f1580000)
 ParOldGen       total 240128K, used 185014K [0x0000000080000000, 0x000000008ea80000, 0x00000000d5580000)
  object space 240128K, 77% used [0x0000000080000000,0x000000008b4adab8,0x000000008ea80000)
 Metaspace       used 102248K, capacity 106220K, committed 106368K, reserved 1142784K
  class space    used 12574K, capacity 13388K, committed 13440K, reserved 1048576K
Event: 977.221 GC heap after
Heap after GC invocations=224 (full 4):
 PSYoungGen      total 433152K, used 6162K [0x00000000d5580000, 0x00000000f1480000, 0x0000000100000000)
  eden space 409600K, 0% used [0x00000000d5580000,0x00000000d5580000,0x00000000ee580000)
  from space 23552K, 26% used [0x00000000efd80000,0x00000000f0384bf0,0x00000000f1480000)
  to   space 24064K, 0% used [0x00000000ee580000,0x00000000ee580000,0x00000000efd00000)
 ParOldGen       total 240128K, used 189086K [0x0000000080000000, 0x000000008ea80000, 0x00000000d5580000)
  object space 240128K, 78% used [0x0000000080000000,0x000000008b8a79c8,0x000000008ea80000)
 Metaspace       used 102248K, capacity 106220K, committed 106368K, reserved 1142784K
  class space    used 12574K, capacity 13388K, committed 13440K, reserved 1048576K
}
Event: 978.491 GC heap before
{Heap before GC invocations=225 (full 4):
 PSYoungGen      total 433152K, used 415762K [0x00000000d5580000, 0x00000000f1480000, 0x0000000100000000)
  eden space 409600K, 100% used [0x00000000d5580000,0x00000000ee580000,0x00000000ee580000)
  from space 23552K, 26% used [0x00000000efd80000,0x00000000f0384bf0,0x00000000f1480000)
  to   space 24064K, 0% used [0x00000000ee580000,0x00000000ee580000,0x00000000efd00000)
 ParOldGen       total 240128K, used 189086K [0x0000000080000000, 0x000000008ea80000, 0x00000000d5580000)
  object space 240128K, 78% used [0x0000000080000000,0x000000008b8a79c8,0x000000008ea80000)
 Metaspace       used 102297K, capacity 106284K, committed 106368K, reserved 1142784K
  class space    used 12579K, capacity 13388K, committed 13440K, reserved 1048576K
Event: 978.528 GC heap after
Heap after GC invocations=225 (full 4):
 PSYoungGen      total 433664K, used 16759K [0x00000000d5580000, 0x00000000f5e00000, 0x0000000100000000)
  eden space 409600K, 0% used [0x00000000d5580000,0x00000000d5580000,0x00000000ee580000)
  from space 24064K, 69% used [0x00000000ee580000,0x00000000ef5ddff0,0x00000000efd00000)
  to   space 25088K, 0% used [0x00000000f4580000,0x00000000f4580000,0x00000000f5e00000)
 ParOldGen       total 240128K, used 191863K [0x0000000080000000, 0x000000008ea80000, 0x00000000d5580000)
  object space 240128K, 79% used [0x0000000080000000,0x000000008bb5dc88,0x000000008ea80000)
 Metaspace       used 102297K, capacity 106284K, committed 106368K, reserved 1142784K
  class space    used 12579K, capacity 13388K, committed 13440K, reserved 1048576K
}

