# JRE version: OpenJDK Runtime Environment (8.0_242-b01) (build 1.8.0_242-release-1644-b01)
# Java VM: OpenJDK 64-Bit Server VM (25.242-b01 mixed mode windows-amd64 compressed oops)
Heap:
 PSYoungGen      total 425984K, used 219343K [0x00000000d5580000, 0x00000000f5700000, 0x0000000100000000)
  eden space 389632K, 54% used [0x00000000d5580000,0x00000000e2633700,0x00000000ed200000)
  from space 36352K, 15% used [0x00000000ed200000,0x00000000ed780860,0x00000000ef580000)
  to   space 35328K, 0% used [0x00000000f3480000,0x00000000f3480000,0x00000000f5700000)
 ParOldGen       total 225792K, used 107753K [0x0000000080000000, 0x000000008dc80000, 0x00000000d5580000)
  object space 225792K, 47% used [0x0000000080000000,0x000000008693a650,0x000000008dc80000)
 Metaspace       used 77343K, capacity 80396K, committed 80512K, reserved 1120256K
  class space    used 10134K, capacity 10791K, committed 10880K, reserved 1048576K
GC Heap History (10 events):
Event: 222.327 GC heap before
{Heap before GC invocations=62 (full 3):
 PSYoungGen      total 326144K, used 288051K [0x00000000d5580000, 0x00000000ebf00000, 0x0000000100000000)
  eden space 285184K, 100% used [0x00000000d5580000,0x00000000e6c00000,0x00000000e6c00000)
  from space 40960K, 7% used [0x00000000e9700000,0x00000000e99ccdf0,0x00000000ebf00000)
  to   space 42496K, 0% used [0x00000000e6c00000,0x00000000e6c00000,0x00000000e9580000)
 ParOldGen       total 225792K, used 90201K [0x0000000080000000, 0x000000008dc80000, 0x00000000d5580000)
  object space 225792K, 39% used [0x0000000080000000,0x00000000858164a0,0x000000008dc80000)
 Metaspace       used 76402K, capacity 79408K, committed 79616K, reserved 1118208K
  class space    used 10047K, capacity 10723K, committed 10752K, reserved 1048576K
Event: 222.365 GC heap after
Heap after GC invocations=62 (full 3):
 PSYoungGen      total 327680K, used 8666K [0x00000000d5580000, 0x00000000eec80000, 0x0000000100000000)
  eden space 285184K, 0% used [0x00000000d5580000,0x00000000d5580000,0x00000000e6c00000)
  from space 42496K, 20% used [0x00000000e6c00000,0x00000000e7476bd8,0x00000000e9580000)
  to   space 40960K, 0% used [0x00000000ec480000,0x00000000ec480000,0x00000000eec80000)
 ParOldGen       total 225792K, used 90642K [0x0000000080000000, 0x000000008dc80000, 0x00000000d5580000)
  object space 225792K, 40% used [0x0000000080000000,0x0000000085884978,0x000000008dc80000)
 Metaspace       used 76402K, capacity 79408K, committed 79616K, reserved 1118208K
  class space    used 10047K, capacity 10723K, committed 10752K, reserved 1048576K
}
Event: 223.752 GC heap before
{Heap before GC invocations=63 (full 3):
 PSYoungGen      total 327680K, used 293850K [0x00000000d5580000, 0x00000000eec80000, 0x0000000100000000)
  eden space 285184K, 100% used [0x00000000d5580000,0x00000000e6c00000,0x00000000e6c00000)
  from space 42496K, 20% used [0x00000000e6c00000,0x00000000e7476bd8,0x00000000e9580000)
  to   space 40960K, 0% used [0x00000000ec480000,0x00000000ec480000,0x00000000eec80000)
 ParOldGen       total 225792K, used 92000K [0x0000000080000000, 0x000000008dc80000, 0x00000000d5580000)
  object space 225792K, 40% used [0x0000000080000000,0x00000000859d8370,0x000000008dc80000)
 Metaspace       used 76409K, capacity 79408K, committed 79616K, reserved 1118208K
  class space    used 10047K, capacity 10723K, committed 10752K, reserved 1048576K
Event: 223.781 GC heap after
Heap after GC invocations=63 (full 3):
 PSYoungGen      total 370688K, used 7899K [0x00000000d5580000, 0x00000000ee880000, 0x0000000100000000)
  eden space 333824K, 0% used [0x00000000d5580000,0x00000000d5580000,0x00000000e9b80000)
  from space 36864K, 21% used [0x00000000ec480000,0x00000000ecc36fb0,0x00000000ee880000)
  to   space 39424K, 0% used [0x00000000e9b80000,0x00000000e9b80000,0x00000000ec200000)
 ParOldGen       total 225792K, used 93044K [0x0000000080000000, 0x000000008dc80000, 0x00000000d5580000)
  object space 225792K, 41% used [0x0000000080000000,0x0000000085add388,0x000000008dc80000)
 Metaspace       used 76409K, capacity 79408K, committed 79616K, reserved 1118208K
  class space    used 10047K, capacity 10723K, committed 10752K, reserved 1048576K
}
Event: 224.644 GC heap before
{Heap before GC invocations=64 (full 3):
 PSYoungGen      total 370688K, used 341723K [0x00000000d5580000, 0x00000000ee880000, 0x0000000100000000)
  eden space 333824K, 100% used [0x00000000d5580000,0x00000000e9b80000,0x00000000e9b80000)
  from space 36864K, 21% used [0x00000000ec480000,0x00000000ecc36fb0,0x00000000ee880000)
  to   space 39424K, 0% used [0x00000000e9b80000,0x00000000e9b80000,0x00000000ec200000)
 ParOldGen       total 225792K, used 93047K [0x0000000080000000, 0x000000008dc80000, 0x00000000d5580000)
  object space 225792K, 41% used [0x0000000080000000,0x0000000085adde10,0x000000008dc80000)
 Metaspace       used 76462K, capacity 79538K, committed 79616K, reserved 1118208K
  class space    used 10053K, capacity 10724K, committed 10752K, reserved 1048576K
Event: 224.665 GC heap after
Heap after GC invocations=64 (full 3):
 PSYoungGen      total 373248K, used 11538K [0x00000000d5580000, 0x00000000f1b80000, 0x0000000100000000)
  eden space 333824K, 0% used [0x00000000d5580000,0x00000000d5580000,0x00000000e9b80000)
  from space 39424K, 29% used [0x00000000e9b80000,0x00000000ea6c4920,0x00000000ec200000)
  to   space 37376K, 0% used [0x00000000ef700000,0x00000000ef700000,0x00000000f1b80000)
 ParOldGen       total 225792K, used 99347K [0x0000000080000000, 0x000000008dc80000, 0x00000000d5580000)
  object space 225792K, 43% used [0x0000000080000000,0x0000000086104c88,0x000000008dc80000)
 Metaspace       used 76462K, capacity 79538K, committed 79616K, reserved 1118208K
  class space    used 10053K, capacity 10724K, committed 10752K, reserved 1048576K
}
Event: 225.699 GC heap before
{Heap before GC invocations=65 (full 3):
 PSYoungGen      total 373248K, used 345362K [0x00000000d5580000, 0x00000000f1b80000, 0x0000000100000000)
  eden space 333824K, 100% used [0x00000000d5580000,0x00000000e9b80000,0x00000000e9b80000)
  from space 39424K, 29% used [0x00000000e9b80000,0x00000000ea6c4920,0x00000000ec200000)
  to   space 37376K, 0% used [0x00000000ef700000,0x00000000ef700000,0x00000000f1b80000)
 ParOldGen       total 225792K, used 99347K [0x0000000080000000, 0x000000008dc80000, 0x00000000d5580000)
  object space 225792K, 43% used [0x0000000080000000,0x0000000086104c88,0x000000008dc80000)
 Metaspace       used 76594K, capacity 79602K, committed 79872K, reserved 1118208K
  class space    used 10068K, capacity 10724K, committed 10752K, reserved 1048576K
Event: 225.724 GC heap after
Heap after GC invocations=65 (full 3):
 PSYoungGen      total 424448K, used 7770K [0x00000000d5580000, 0x00000000f1900000, 0x0000000100000000)
  eden space 389632K, 0% used [0x00000000d5580000,0x00000000d5580000,0x00000000ed200000)
  from space 34816K, 22% used [0x00000000ef700000,0x00000000efe96a08,0x00000000f1900000)
  to   space 36352K, 0% used [0x00000000ed200000,0x00000000ed200000,0x00000000ef580000)
 ParOldGen       total 225792K, used 103906K [0x0000000080000000, 0x000000008dc80000, 0x00000000d5580000)
  object space 225792K, 46% used [0x0000000080000000,0x00000000865788a8,0x000000008dc80000)
 Metaspace       used 76594K, capacity 79602K, committed 79872K, reserved 1118208K
  class space    used 10068K, capacity 10724K, committed 10752K, reserved 1048576K
}
Event: 227.932 GC heap before
{Heap before GC invocations=66 (full 3):
 PSYoungGen      total 424448K, used 397402K [0x00000000d5580000, 0x00000000f1900000, 0x0000000100000000)
  eden space 389632K, 100% used [0x00000000d5580000,0x00000000ed200000,0x00000000ed200000)
  from space 34816K, 22% used [0x00000000ef700000,0x00000000efe96a08,0x00000000f1900000)
  to   space 36352K, 0% used [0x00000000ed200000,0x00000000ed200000,0x00000000ef580000)
 ParOldGen       total 225792K, used 103906K [0x0000000080000000, 0x000000008dc80000, 0x00000000d5580000)
  object space 225792K, 46% used [0x0000000080000000,0x00000000865788a8,0x000000008dc80000)
 Metaspace       used 76739K, capacity 79690K, committed 79872K, reserved 1118208K
  class space    used 10075K, capacity 10728K, committed 10752K, reserved 1048576K
Event: 228.011 GC heap after
Heap after GC invocations=66 (full 3):
 PSYoungGen      total 425984K, used 5634K [0x00000000d5580000, 0x00000000f5700000, 0x0000000100000000)
  eden space 389632K, 0% used [0x00000000d5580000,0x00000000d5580000,0x00000000ed200000)
  from space 36352K, 15% used [0x00000000ed200000,0x00000000ed780860,0x00000000ef580000)
  to   space 35328K, 0% used [0x00000000f3480000,0x00000000f3480000,0x00000000f5700000)
 ParOldGen       total 225792K, used 107753K [0x0000000080000000, 0x000000008dc80000, 0x00000000d5580000)
  object space 225792K, 47% used [0x0000000080000000,0x000000008693a650,0x000000008dc80000)
 Metaspace       used 76739K, capacity 79690K, committed 79872K, reserved 1118208K
  class space    used 10075K, capacity 10728K, committed 10752K, reserved 1048576K
}

